<?xml version="1.0" encoding="UTF-8"?>
<!-- Generated by org.testng.reporters.JUnitXMLReporter -->
<testsuite hostname="ankita-Inspiron-3558" ignored="0" name="Demo Test Cases" tests="3" failures="0" timestamp="04 Jan 2021 17:58:25 GMT" time="0.068" errors="0">
  <testcase name="@BeforeMethod setUp" time="0.006" classname="com.sampleproject.qa.testcases.LoginPageTest">
    <failure type="java.lang.NullPointerException">
      <![CDATA[java.lang.NullPointerException
	at com.sampleproject.qa.base.TestBase.initialization(TestBase.java:41)
	at com.sampleproject.qa.testcases.LoginPageTest.setUp(LoginPageTest.java:22)
... Removed 27 stack frames]]>
    </failure>
  </testcase> <!-- @BeforeMethod setUp -->
  <testcase name="@BeforeMethod setUp" time="0.0" classname="com.sampleproject.qa.testcases.LoginPageTest">
    <skipped/>
  </testcase> <!-- @BeforeMethod setUp -->
  <testcase name="@BeforeMethod setUp" time="0.0" classname="com.sampleproject.qa.testcases.LoginPageTest">
    <skipped/>
  </testcase> <!-- @BeforeMethod setUp -->
  <testcase name="loginPageTitleTest" time="0.0" classname="com.sampleproject.qa.testcases.LoginPageTest">
    <skipped/>
  </testcase> <!-- loginPageTitleTest -->
  <testcase name="crmLogoImageTest" time="0.0" classname="com.sampleproject.qa.testcases.LoginPageTest">
    <skipped/>
  </testcase> <!-- crmLogoImageTest -->
  <testcase name="loginTest" time="0.0" classname="com.sampleproject.qa.testcases.LoginPageTest">
    <skipped/>
  </testcase> <!-- loginTest -->
</testsuite> <!-- Demo Test Cases -->
