<?xml version="1.0" encoding="UTF-8"?>
<testng-results skipped="0" failed="0" ignored="0" total="1" passed="1">
  <reporter-output>
  </reporter-output>
  <suite name="Default suite" duration-ms="6228" started-at="2021-01-11T18:09:48Z" finished-at="2021-01-11T18:09:54Z">
    <groups>
    </groups>
    <test name="Default test" duration-ms="6228" started-at="2021-01-11T18:09:48Z" finished-at="2021-01-11T18:09:54Z">
      <class name="com.qa.seleniumgrid.GridTest">
        <test-method status="PASS" signature="setup()[pri:0, instance:com.qa.seleniumgrid.GridTest@1ddf84b8]" name="setup" is-config="true" duration-ms="1681" started-at="2021-01-11T23:39:48Z" finished-at="2021-01-11T23:39:49Z">
          <reporter-output>
          </reporter-output>
        </test-method> <!-- setup -->
        <test-method status="PASS" signature="simpleTest()[pri:0, instance:com.qa.seleniumgrid.GridTest@1ddf84b8]" name="simpleTest" duration-ms="4449" started-at="2021-01-11T23:39:49Z" finished-at="2021-01-11T23:39:54Z">
          <reporter-output>
          </reporter-output>
        </test-method> <!-- simpleTest -->
        <test-method status="PASS" signature="afterTest()[pri:0, instance:com.qa.seleniumgrid.GridTest@1ddf84b8]" name="afterTest" is-config="true" duration-ms="71" started-at="2021-01-11T23:39:54Z" finished-at="2021-01-11T23:39:54Z">
          <reporter-output>
          </reporter-output>
        </test-method> <!-- afterTest -->
      </class> <!-- com.qa.seleniumgrid.GridTest -->
    </test> <!-- Default test -->
  </suite> <!-- Default suite -->
</testng-results>
